Using pre-set license

 COMMAND LINE ARGUMENTS:
/Applications/Unity/Unity.app/Contents/MacOS/Unity
-adb2
-batchMode
-noUpm
-name
AssetImportWorker0
-projectPath
/Users/kobayashidaisuke/Desktop/test
-logFile
Logs/AssetImportWorker0.log
-srvPort
49440
Successfully changed project path to: /Users/kobayashidaisuke/Desktop/test
/Users/kobayashidaisuke/Desktop/test
Using Asset Import Pipeline V2.
Refreshing native plugins compatible for Editor in 309.27 ms, found 0 plugins.
Preloading 0 native plugins for Editor in 0.00 ms.
Initialize engine version: 2020.2.3f1 (8ff31bc5bf5b)
[Subsystems] Discovering subsystems at path /Applications/Unity/Unity.app/Contents/Resources/UnitySubsystems
[Subsystems] Discovering subsystems at path /Users/kobayashidaisuke/Desktop/test/Assets
GfxDevice: creating device client; threaded=0
2021-11-11 16:18:51.881 Unity[29158:1855809] Color LCD preferred device: Intel(R) Iris(TM) Graphics 6000 (low power)
2021-11-11 16:18:51.881 Unity[29158:1855809] Metal devices available: 1
2021-11-11 16:18:51.881 Unity[29158:1855809] 0: Intel(R) Iris(TM) Graphics 6000 (low power)
2021-11-11 16:18:51.883 Unity[29158:1855809] Using device Intel(R) Iris(TM) Graphics 6000 (low power)
Initializing Metal device caps: Intel(R) Iris(TM) Graphics 6000
Initialize mono
Mono path[0] = '/Applications/Unity/Unity.app/Contents/Managed'
Mono path[1] = '/Applications/Unity/Unity.app/Contents/MonoBleedingEdge/lib/mono/unityjit'
Mono config path = '/Applications/Unity/Unity.app/Contents/MonoBleedingEdge/etc'
Using monoOptions --debugger-agent=transport=dt_socket,embedding=1,server=y,suspend=n,address=127.0.0.1:56158
Begin MonoManager ReloadAssembly
Registering precompiled unity dll's ...
Register platform support module: /Applications/Unity/Unity.app/Contents/PlaybackEngines/MacStandaloneSupport/UnityEditor.OSXStandalone.Extensions.dll
Register platform support module: /Applications/Unity/PlaybackEngines/WindowsStandaloneSupport/UnityEditor.WindowsStandalone.Extensions.dll
Registered in 0.008413 seconds.
Native extension for WindowsStandalone target not found
Native extension for OSXStandalone target not found
Refreshing native plugins compatible for Editor in 96.46 ms, found 0 plugins.
Preloading 0 native plugins for Editor in 0.00 ms.
Invoked RoslynAnalysisRunner static constructor.
RoslynAnalysisRunner will not be running.
RoslynAnalysisRunner has terminated.
Mono: successfully reloaded assembly
- Completed reload, in  8.815 seconds
Platform modules already initialized, skipping
Registering precompiled user dll's ...
Registered in 0.006047 seconds.
Begin MonoManager ReloadAssembly
Native extension for WindowsStandalone target not found
Native extension for OSXStandalone target not found
Refreshing native plugins compatible for Editor in 0.38 ms, found 0 plugins.
Preloading 0 native plugins for Editor in 0.00 ms.
Invoked RoslynAnalysisRunner static constructor.
RoslynAnalysisRunner will not be running.
RoslynAnalysisRunner has terminated.
Mono: successfully reloaded assembly
- Completed reload, in  3.318 seconds
Platform modules already initialized, skipping
========================================================================
Worker process is ready to serve import requests
Launching external process: /Applications/Unity/Unity.app/Contents/Tools/UnityShaderCompiler
Launched and connected shader compiler UnityShaderCompiler after 0.03 seconds
Refreshing native plugins compatible for Editor in 0.78 ms, found 0 plugins.
Preloading 0 native plugins for Editor in 0.00 ms.
Unloading 1197 Unused Serialized files (Serialized files now loaded: 0)
System memory in use before: 120.7 MB.
System memory in use after: 120.3 MB.

Unloading 10 unused Assets to reduce memory usage. Loaded Objects now: 1644.
Total: 5.125195 ms (FindLiveObjects: 0.206720 ms CreateObjectMapping: 0.049397 ms MarkObjects: 4.177115 ms  DeleteObjects: 0.689109 ms)

========================================================================
Received Import Request.
  path: Assets/Main.unity
  artifactKey: Guid(c8253d8e7ada54f1ab6b007ea6fed4ee) Importer(815301076,1909f56bfc062723c751e8b465ee728b)
Start importing Assets/Main.unity using Guid(c8253d8e7ada54f1ab6b007ea6fed4ee) Importer(815301076,1909f56bfc062723c751e8b465ee728b)  -> (artifact id: '2fd44998f8ba3b56619800d8b715de92') in 0.019580 seconds
  Import took 0.023826 seconds .

========================================================================
Received Import Request.
  Time since last request: 0.000369 seconds.
  path: Assets/item Scenes.unity
  artifactKey: Guid(ccb2628ad56364c05a924aecc7b7849b) Importer(815301076,1909f56bfc062723c751e8b465ee728b)
Start importing Assets/item Scenes.unity using Guid(ccb2628ad56364c05a924aecc7b7849b) Importer(815301076,1909f56bfc062723c751e8b465ee728b)  -> (artifact id: '4aa8682de7863987eaf5115c7ea0506d') in 0.002807 seconds
  Import took 0.008859 seconds .

========================================================================
Received Import Request.
  Time since last request: 919.680042 seconds.
  path: Assets/Script
  artifactKey: Guid(05ec232043b5240f78e242de0207955f) Importer(815301076,1909f56bfc062723c751e8b465ee728b)
Start importing Assets/Script using Guid(05ec232043b5240f78e242de0207955f) Importer(815301076,1909f56bfc062723c751e8b465ee728b)  -> (artifact id: '757cab088ff5e90fae6c1317fe7d2d8d') in 0.005173 seconds
  Import took 0.026748 seconds .

========================================================================
Received Import Request.
  Time since last request: 1.481702 seconds.
  path: Assets/Script/EnemyScene3.cs
  artifactKey: Guid(0599de6e0f7f045be814368873635391) Importer(815301076,1909f56bfc062723c751e8b465ee728b)
Start importing Assets/Script/EnemyScene3.cs using Guid(0599de6e0f7f045be814368873635391) Importer(815301076,1909f56bfc062723c751e8b465ee728b)  -> (artifact id: '3f27fce4a655ad635864b0843161321a') in 8.724018 seconds
  Import took 8.727861 seconds .

========================================================================
Received Import Request.
  Time since last request: 36.316920 seconds.
  path: Assets/test.cs
  artifactKey: Guid(5f60b4e2ffae94a989d19cf31051cfe9) Importer(815301076,1909f56bfc062723c751e8b465ee728b)
Start importing Assets/test.cs using Guid(5f60b4e2ffae94a989d19cf31051cfe9) Importer(815301076,1909f56bfc062723c751e8b465ee728b)  -> (artifact id: 'b1dde0971a7a288019e77be04d22bbfa') in 0.006934 seconds
  Import took 0.017849 seconds .

========================================================================
Received Prepare
Registering precompiled user dll's ...
Registered in 0.001111 seconds.
Begin MonoManager ReloadAssembly
Native extension for WindowsStandalone target not found
Native extension for OSXStandalone target not found
Refreshing native plugins compatible for Editor in 0.61 ms, found 0 plugins.
Preloading 0 native plugins for Editor in 0.00 ms.
Invoked RoslynAnalysisRunner static constructor.
RoslynAnalysisRunner will not be running.
RoslynAnalysisRunner has terminated.
Mono: successfully reloaded assembly
- Completed reload, in  2.295 seconds
Platform modules already initialized, skipping
Refreshing native plugins compatible for Editor in 0.92 ms, found 0 plugins.
Preloading 0 native plugins for Editor in 0.00 ms.
Unloading 1174 Unused Serialized files (Serialized files now loaded: 0)
System memory in use before: 124.0 MB.
System memory in use after: 123.6 MB.

Unloading 5 unused Assets to reduce memory usage. Loaded Objects now: 1647.
Total: 10.709483 ms (FindLiveObjects: 1.760576 ms CreateObjectMapping: 0.128454 ms MarkObjects: 8.096090 ms  DeleteObjects: 0.721652 ms)

========================================================================
Received Import Request.
  Time since last request: 37.568308 seconds.
  path: Assets/test.cs
  artifactKey: Guid(5f60b4e2ffae94a989d19cf31051cfe9) Importer(815301076,1909f56bfc062723c751e8b465ee728b)
Start importing Assets/test.cs using Guid(5f60b4e2ffae94a989d19cf31051cfe9) Importer(815301076,1909f56bfc062723c751e8b465ee728b)  -> (artifact id: 'c8c3a3b637e08689ffa35b76468f307b') in 0.030624 seconds
  Import took 0.047825 seconds .

========================================================================
Received Prepare
Registering precompiled user dll's ...
Registered in 0.000760 seconds.
Begin MonoManager ReloadAssembly
Native extension for WindowsStandalone target not found
Native extension for OSXStandalone target not found
Refreshing native plugins compatible for Editor in 0.40 ms, found 0 plugins.
Preloading 0 native plugins for Editor in 0.00 ms.
Invoked RoslynAnalysisRunner static constructor.
RoslynAnalysisRunner will not be running.
RoslynAnalysisRunner has terminated.
Mono: successfully reloaded assembly
- Completed reload, in  1.388 seconds
Platform modules already initialized, skipping
Refreshing native plugins compatible for Editor in 0.34 ms, found 0 plugins.
Preloading 0 native plugins for Editor in 0.00 ms.
Unloading 1174 Unused Serialized files (Serialized files now loaded: 0)
System memory in use before: 124.2 MB.
System memory in use after: 123.8 MB.

Unloading 5 unused Assets to reduce memory usage. Loaded Objects now: 1649.
Total: 3.716264 ms (FindLiveObjects: 0.474953 ms CreateObjectMapping: 0.070768 ms MarkObjects: 2.337644 ms  DeleteObjects: 0.830552 ms)

